Using pre-set license
Built from '2020.3/staging' branch; Version is '2020.3.25f1 (9b9180224418) revision 10195328'; Using compiler version '192528614'; Build Type 'Release'
OS: 'Windows 10  (10.0.19043) 64bit Enterprise' Language: 'zh' Physical Memory: 24508 MB
BatchMode: 1, IsHumanControllingUs: 0, StartBugReporterOnCrash: 0, Is64bit: 1, IsPro: 0

COMMAND LINE ARGUMENTS:
F:\WorkSoft\UnityAll\2020.3.25f1\Editor\Unity.exe
-adb2
-batchMode
-noUpm
-name
AssetImportWorker0
-projectPath
D:/GitHubWS/AIOFrame
-logFile
Logs/AssetImportWorker0.log
-srvPort
61285
Successfully changed project path to: D:/GitHubWS/AIOFrame
D:/GitHubWS/AIOFrame
Using Asset Import Pipeline V2.
Refreshing native plugins compatible for Editor in 17.47 ms, found 0 plugins.
Preloading 0 native plugins for Editor in 0.00 ms.
Initialize engine version: 2020.3.25f1 (9b9180224418)
[Subsystems] Discovering subsystems at path F:/WorkSoft/UnityAll/2020.3.25f1/Editor/Data/Resources/UnitySubsystems
[Subsystems] Discovering subsystems at path D:/GitHubWS/AIOFrame/Assets
GfxDevice: creating device client; threaded=0
Direct3D:
    Version:  Direct3D 11.0 [level 11.1]
    Renderer: NVIDIA GeForce GTX 1050 Ti (ID=0x1c82)
    Vendor:   
    VRAM:     4018 MB
    Driver:   27.21.14.6611
Initialize mono
Mono path[0] = 'F:/WorkSoft/UnityAll/2020.3.25f1/Editor/Data/Managed'
Mono path[1] = 'F:/WorkSoft/UnityAll/2020.3.25f1/Editor/Data/MonoBleedingEdge/lib/mono/unityjit'
Mono config path = 'F:/WorkSoft/UnityAll/2020.3.25f1/Editor/Data/MonoBleedingEdge/etc'
Using monoOptions --debugger-agent=transport=dt_socket,embedding=1,server=y,suspend=n,address=127.0.0.1:56088
Begin MonoManager ReloadAssembly
Registering precompiled unity dll's ...
Register platform support module: F:/WorkSoft/UnityAll/2020.3.25f1/Editor/Data/PlaybackEngines/WindowsStandaloneSupport/UnityEditor.WindowsStandalone.Extensions.dll
Registered in 0.001166 seconds.
Native extension for WindowsStandalone target not found
Refreshing native plugins compatible for Editor in 13.86 ms, found 0 plugins.
Preloading 0 native plugins for Editor in 0.00 ms.
Mono: successfully reloaded assembly
- Completed reload, in  0.455 seconds
Domain Reload Profiling:
	ReloadAssembly (455ms)
		BeginReloadAssembly (44ms)
			ExecutionOrderSort (0ms)
			DisableScriptedObjects (0ms)
			BackupInstance (0ms)
			ReleaseScriptingObjects (0ms)
			CreateAndSetChildDomain (1ms)
		EndReloadAssembly (355ms)
			LoadAssemblies (43ms)
			RebuildTransferFunctionScriptingTraits (0ms)
			SetupTypeCache (127ms)
			ReleaseScriptCaches (0ms)
			RebuildScriptCaches (25ms)
			SetupLoadedEditorAssemblies (121ms)
				LogAssemblyErrors (0ms)
				InitializePlatformSupportModulesInManaged (3ms)
				SetLoadedEditorAssemblies (0ms)
				RefreshPlugins (14ms)
				BeforeProcessingInitializeOnLoad (13ms)
				ProcessInitializeOnLoadAttributes (69ms)
				ProcessInitializeOnLoadMethodAttributes (22ms)
				AfterProcessingInitializeOnLoad (0ms)
				EditorAssembliesLoaded (0ms)
			ExecutionOrderSort2 (0ms)
			AwakeInstancesAfterBackupRestoration (0ms)
Platform modules already initialized, skipping
Registering precompiled user dll's ...
Registered in 0.001276 seconds.
Begin MonoManager ReloadAssembly
Native extension for WindowsStandalone target not found
Refreshing native plugins compatible for Editor in 0.12 ms, found 0 plugins.
Preloading 0 native plugins for Editor in 0.00 ms.
Mono: successfully reloaded assembly
- Completed reload, in  0.634 seconds
Domain Reload Profiling:
	ReloadAssembly (635ms)
		BeginReloadAssembly (118ms)
			ExecutionOrderSort (0ms)
			DisableScriptedObjects (4ms)
			BackupInstance (0ms)
			ReleaseScriptingObjects (0ms)
			CreateAndSetChildDomain (16ms)
		EndReloadAssembly (467ms)
			LoadAssemblies (66ms)
			RebuildTransferFunctionScriptingTraits (0ms)
			SetupTypeCache (155ms)
			ReleaseScriptCaches (0ms)
			RebuildScriptCaches (27ms)
			SetupLoadedEditorAssemblies (145ms)
				LogAssemblyErrors (0ms)
				InitializePlatformSupportModulesInManaged (4ms)
				SetLoadedEditorAssemblies (0ms)
				RefreshPlugins (0ms)
				BeforeProcessingInitializeOnLoad (51ms)
				ProcessInitializeOnLoadAttributes (84ms)
				ProcessInitializeOnLoadMethodAttributes (4ms)
				AfterProcessingInitializeOnLoad (2ms)
				EditorAssembliesLoaded (0ms)
			ExecutionOrderSort2 (0ms)
			AwakeInstancesAfterBackupRestoration (4ms)
Platform modules already initialized, skipping
========================================================================
Worker process is ready to serve import requests
Launched and connected shader compiler UnityShaderCompiler.exe after 0.08 seconds
Refreshing native plugins compatible for Editor in 0.12 ms, found 0 plugins.
Preloading 0 native plugins for Editor in 0.00 ms.
Unloading 620 Unused Serialized files (Serialized files now loaded: 0)
System memory in use before: 42.4 MB.
System memory in use after: 42.4 MB.

Unloading 11 unused Assets to reduce memory usage. Loaded Objects now: 1059.
Total: 1.793200 ms (FindLiveObjects: 0.061300 ms CreateObjectMapping: 0.015800 ms MarkObjects: 1.671000 ms  DeleteObjects: 0.044400 ms)

AssetImportParameters requested are different than current active one (requested -> active):
  custom:framework-win-MediaFoundation: 216162199b28c13a410421893ffa2e32 -> 
  custom:video-decoder-ogg-theora: a1e56fd34408186e4bbccfd4996cb3dc -> 
  custom:container-muxer-webm: aa71ff27fc2769a1b78a27578f13a17b -> 
  custom:container-demuxer-webm: 4f35f7cbe854078d1ac9338744f61a02 -> 
  custom:container-demuxer-ogg: 62fdf1f143b41e24485cea50d1cbac27 -> 
  custom:video-encoder-webm-vp8: eb34c28f22e8b96e1ab97ce403110664 -> 
  custom:video-decoder-webm-vp8: 9c59270c3fd7afecdb556c50c9e8de78 -> 
  custom:audio-decoder-ogg-vorbis: bf7c407c2cedff20999df2af8eb42d56 -> 
  custom:audio-encoder-webm-vorbis: bf7c407c2cedff20999df2af8eb42d56 -> 
========================================================================
Received Import Request.
  path: Assets/Script/UI/UIView.cs
  artifactKey: Guid(d3e372d868a353b48bda9bb061d4aad2) Importer(815301076,1909f56bfc062723c751e8b465ee728b)
Start importing Assets/Script/UI/UIView.cs using Guid(d3e372d868a353b48bda9bb061d4aad2) Importer(815301076,1909f56bfc062723c751e8b465ee728b)  -> (artifact id: 'de0759dd20b1bf6d5e116bd18621ed87') in 0.018354 seconds 
  Import took 0.019401 seconds .

========================================================================
Received Import Request.
  Time since last request: 3.129841 seconds.
  path: Assets/Script/UI/UIDefine.cs
  artifactKey: Guid(379cf1edc61146f44b7d943c60bccb65) Importer(815301076,1909f56bfc062723c751e8b465ee728b)
Start importing Assets/Script/UI/UIDefine.cs using Guid(379cf1edc61146f44b7d943c60bccb65) Importer(815301076,1909f56bfc062723c751e8b465ee728b)  -> (artifact id: 'f8919ba5098884ca1bdea1ab195982af') in 0.002470 seconds 
  Import took 0.003556 seconds .

========================================================================
Received Import Request.
  Time since last request: 596.787519 seconds.
  path: Assets/Script/UI/UIMgr.cs
  artifactKey: Guid(ebaf0ee034280304fb22c10626f21b57) Importer(815301076,1909f56bfc062723c751e8b465ee728b)
Start importing Assets/Script/UI/UIMgr.cs using Guid(ebaf0ee034280304fb22c10626f21b57) Importer(815301076,1909f56bfc062723c751e8b465ee728b)  -> (artifact id: '5d4063d77f92889ed7702311bd93a983') in 0.003093 seconds 
  Import took 0.004819 seconds .

========================================================================
Received Prepare
Registering precompiled user dll's ...
Registered in 0.001210 seconds.
Begin MonoManager ReloadAssembly
Native extension for WindowsStandalone target not found
Refreshing native plugins compatible for Editor in 0.13 ms, found 0 plugins.
Preloading 0 native plugins for Editor in 0.00 ms.
Mono: successfully reloaded assembly
- Completed reload, in  0.612 seconds
Domain Reload Profiling:
	ReloadAssembly (612ms)
		BeginReloadAssembly (94ms)
			ExecutionOrderSort (0ms)
			DisableScriptedObjects (4ms)
			BackupInstance (0ms)
			ReleaseScriptingObjects (0ms)
			CreateAndSetChildDomain (19ms)
		EndReloadAssembly (469ms)
			LoadAssemblies (69ms)
			RebuildTransferFunctionScriptingTraits (0ms)
			SetupTypeCache (161ms)
			ReleaseScriptCaches (0ms)
			RebuildScriptCaches (26ms)
			SetupLoadedEditorAssemblies (140ms)
				LogAssemblyErrors (0ms)
				InitializePlatformSupportModulesInManaged (4ms)
				SetLoadedEditorAssemblies (0ms)
				RefreshPlugins (0ms)
				BeforeProcessingInitializeOnLoad (47ms)
				ProcessInitializeOnLoadAttributes (82ms)
				ProcessInitializeOnLoadMethodAttributes (3ms)
				AfterProcessingInitializeOnLoad (2ms)
				EditorAssembliesLoaded (0ms)
			ExecutionOrderSort2 (0ms)
			AwakeInstancesAfterBackupRestoration (5ms)
Platform modules already initialized, skipping
Refreshing native plugins compatible for Editor in 0.13 ms, found 0 plugins.
Preloading 0 native plugins for Editor in 0.00 ms.
Unloading 616 Unused Serialized files (Serialized files now loaded: 0)
System memory in use before: 42.2 MB.
System memory in use after: 42.2 MB.

Unloading 7 unused Assets to reduce memory usage. Loaded Objects now: 1062.
Total: 2.128300 ms (FindLiveObjects: 0.079500 ms CreateObjectMapping: 0.019900 ms MarkObjects: 2.007200 ms  DeleteObjects: 0.020200 ms)

AssetImportParameters requested are different than current active one (requested -> active):
  custom:framework-win-MediaFoundation: 216162199b28c13a410421893ffa2e32 -> 
  custom:video-decoder-ogg-theora: a1e56fd34408186e4bbccfd4996cb3dc -> 
  custom:container-muxer-webm: aa71ff27fc2769a1b78a27578f13a17b -> 
  custom:container-demuxer-webm: 4f35f7cbe854078d1ac9338744f61a02 -> 
  custom:container-demuxer-ogg: 62fdf1f143b41e24485cea50d1cbac27 -> 
  custom:video-encoder-webm-vp8: eb34c28f22e8b96e1ab97ce403110664 -> 
  custom:video-decoder-webm-vp8: 9c59270c3fd7afecdb556c50c9e8de78 -> 
  custom:audio-decoder-ogg-vorbis: bf7c407c2cedff20999df2af8eb42d56 -> 
  custom:audio-encoder-webm-vorbis: bf7c407c2cedff20999df2af8eb42d56 -> 
========================================================================
Received Import Request.
  Time since last request: 66.281006 seconds.
  path: Assets/Data
  artifactKey: Guid(448984bf4cbcdba479ccef9e7f7cd821) Importer(815301076,1909f56bfc062723c751e8b465ee728b)
Start importing Assets/Data using Guid(448984bf4cbcdba479ccef9e7f7cd821) Importer(815301076,1909f56bfc062723c751e8b465ee728b)  -> (artifact id: '936a375de2d2219554c585e6e74bc36e') in 0.005401 seconds 
  Import took 0.006738 seconds .

========================================================================
Received Import Request.
  Time since last request: 11.698239 seconds.
  path: Assets/Data/System
  artifactKey: Guid(1b5df850ff92bfa4ea7192a313c6330a) Importer(815301076,1909f56bfc062723c751e8b465ee728b)
Start importing Assets/Data/System using Guid(1b5df850ff92bfa4ea7192a313c6330a) Importer(815301076,1909f56bfc062723c751e8b465ee728b)  -> (artifact id: '697aeb928557e2754761a9d76602a0e4') in 0.002523 seconds 
  Import took 0.003949 seconds .

========================================================================
Received Import Request.
  Time since last request: 15.477610 seconds.
  path: Assets/Data/System/Windows
  artifactKey: Guid(33f94a4ec931133469b8c07d0ab6a92c) Importer(815301076,1909f56bfc062723c751e8b465ee728b)
Start importing Assets/Data/System/Windows using Guid(33f94a4ec931133469b8c07d0ab6a92c) Importer(815301076,1909f56bfc062723c751e8b465ee728b)  -> (artifact id: '8ca4ea5a5564059aea4fce755824c3c2') in 0.003156 seconds 
  Import took 0.005438 seconds .

========================================================================
Received Import Request.
  Time since last request: 20.120249 seconds.
  path: Assets/Data/System/UIGroups
  artifactKey: Guid(33f94a4ec931133469b8c07d0ab6a92c) Importer(815301076,1909f56bfc062723c751e8b465ee728b)
Start importing Assets/Data/System/UIGroups using Guid(33f94a4ec931133469b8c07d0ab6a92c) Importer(815301076,1909f56bfc062723c751e8b465ee728b)  -> (artifact id: '2436ba88a14898fa4fa80db9c781447c') in 0.002360 seconds 
  Import took 0.003483 seconds .

========================================================================
Received Import Request.
  Time since last request: 9188.386758 seconds.
  path: Assets/Script/Manager
  artifactKey: Guid(13cd292a75064c7409442a2778c3843c) Importer(815301076,1909f56bfc062723c751e8b465ee728b)
Start importing Assets/Script/Manager using Guid(13cd292a75064c7409442a2778c3843c) Importer(815301076,1909f56bfc062723c751e8b465ee728b)  -> (artifact id: '0072ff11459814d963246f427b96f02c') in 0.004294 seconds 
  Import took 0.019988 seconds .

AssetImportWorkerClient::OnTransportError - code=2 error=End of file
